* using log directory 'E:/VectorForgeML/VectorForgeML.Rcheck'
* using R version 4.5.2 (2025-10-31 ucrt)
* using platform: x86_64-w64-mingw32
* R was compiled by
    gcc.exe (GCC) 14.3.0
    GNU Fortran (GCC) 14.3.0
* running under: Windows 11 x64 (build 26200)
* using session charset: UTF-8
* using option '--no-manual'
* checking for file 'VectorForgeML/DESCRIPTION' ... OK
* checking extension type ... Package
* this is package 'VectorForgeML' version '0.1.0'
* package encoding: UTF-8
* checking package namespace information ... OK
* checking package dependencies ... OK
* checking if this is a source package ... OK
* checking if there is a namespace ... OK
* checking for executable files ... OK
* checking for hidden files and directories ... OK
* checking for portable file names ... OK
* checking whether package 'VectorForgeML' can be installed ... ERROR
Installation failed.
See 'E:/VectorForgeML/VectorForgeML.Rcheck/00install.out' for details.
* DONE
Status: 1 ERROR
