* using log directory 'D:/VectorForgeML/..Rcheck'
* using R version 4.5.2 (2025-10-31 ucrt)
* using platform: x86_64-w64-mingw32
* R was compiled by
    gcc.exe (GCC) 14.3.0
    GNU Fortran (GCC) 14.3.0
* running under: Windows 11 x64 (build 26200)
* using session charset: UTF-8
* checking for file './DESCRIPTION' ... OK
* checking extension type ... Package
* this is package 'VectorForgeML' version '0.1.0'
* package encoding: UTF-8
* checking package namespace information ... OK
* checking package dependencies ... OK
* checking if this is a source package ... WARNING
Subdirectory 'VectorForgeML/src' contains apparent object files/libraries
  LinearRegression.o LogisticRegression.o RcppExports.o
  SoftmaxRegression.o VectorForgeML.dll functions.o init.o matrix_ops.o
Object files/libraries should not be included in a source package.
* checking if there is a namespace ... OK
* checking for executable files ... WARNING
Found the following executable file:
  src/VectorForgeML.dll
Source packages should not contain undeclared executable files.
See section 'Package structure' in the 'Writing R Extensions' manual.
* checking for hidden files and directories ... NOTE
Found the following hidden files and directories:
  .git/.MERGE_MSG.swp
  .gitignore
  ..Rcheck
  .git
  .vscode
These were most likely included in error. See section 'Package
structure' in the 'Writing R Extensions' manual.
* checking for portable file names ... OK
* checking whether package 'VectorForgeML' can be installed ... OK
* used C++ compiler: 'G__~1.EXE (GCC) 13.3.0'
* checking installed package size ... OK
* checking package directory ... OK
* checking DESCRIPTION meta-information ... NOTE
Checking should be performed on sources prepared by 'R CMD build'.
* checking top-level files ... OK
* checking for left-over files ... OK
* checking index information ... OK
* checking package subdirectories ... WARNING
Found the following directory with the name of a check directory:
  ./..Rcheck
Most likely, these were included erroneously.
* checking code files for non-ASCII characters ... OK
* checking R files for syntax errors ... OK
* checking whether the package can be loaded ... OK
* checking whether the package can be loaded with stated dependencies ... OK
* checking whether the package can be unloaded cleanly ... OK
* checking whether the namespace can be loaded with stated dependencies ... OK
* checking whether the namespace can be unloaded cleanly ... OK
* checking loading without being on the library search path ... OK
* checking whether startup messages can be suppressed ... OK
* checking dependencies in R code ... OK
* checking S3 generic/method consistency ... OK
* checking replacement functions ... OK
* checking foreign function calls ... OK
* checking R code for possible problems ... NOTE
plot_confusion_matrix: no visible global function definition for
  'colorRampPalette'
plot_confusion_matrix: no visible global function definition for 'par'
plot_confusion_matrix: no visible global function definition for
  'image'
plot_confusion_matrix: no visible global function definition for 'axis'
plot_confusion_matrix: no visible global function definition for
  'abline'
plot_confusion_matrix: no visible global function definition for 'text'
Undefined global functions or variables:
  abline axis colorRampPalette image par text
Consider adding
  importFrom("grDevices", "colorRampPalette")
  importFrom("graphics", "abline", "axis", "image", "par", "text")
to your NAMESPACE file.
* checking Rd files ... OK
* checking Rd metadata ... OK
* checking Rd cross-references ... OK
* checking for missing documentation entries ... WARNING
Undocumented code objects:
  'KNN' 'LogisticRegression' 'RidgeRegression' 'SoftmaxRegression'
  'accuracy_score' 'confusion_matrix' 'confusion_stats' 'f1_score'
  'find_best_k' 'macro_f1' 'macro_precision' 'macro_recall'
  'plot_confusion_matrix' 'precision_score' 'recall_score'
  'ridge_create' 'ridge_fit' 'ridge_predict'
All user-level objects in a package should have documentation entries.
See chapter 'Writing R documentation files' in the 'Writing R
Extensions' manual.
* checking for code/documentation mismatches ... OK
* checking Rd \usage sections ... OK
* checking Rd contents ... OK
* checking for unstated dependencies in examples ... OK
* checking line endings in C/C++/Fortran sources/headers ... NOTE
Found the following sources/headers with CR or CRLF line endings:
  src/FastMatrix.h
  src/KNN.cpp
  src/LogisticRegression.cpp
  src/RcppExports.cpp
  src/RidgeRegression.cpp
  src/SoftmaxRegression.cpp
Some Unix compilers require LF line endings.
* checking line endings in Makefiles ... NOTE
Found the following Makefile(s) without a final LF:
  src/Makevars
Some 'make' programs ignore lines not ending in LF.
* checking compilation flags in Makevars ... OK
* checking for GNU extensions in Makefiles ... OK
* checking for portable use of $(BLAS_LIBS) and $(LAPACK_LIBS) ... OK
* checking use of PKG_*FLAGS in Makefiles ... OK
* checking compiled code ... OK
* checking examples ... NONE
* checking PDF version of manual ... WARNING
LaTeX errors when creating PDF version.
This typically indicates Rd problems.
* checking PDF version of manual without index ... ERROR
Re-running with no redirection of stdout/stderr.
* DONE
Status: 1 ERROR, 5 WARNINGs, 5 NOTEs
